<?xml version="1.0" encoding="UTF-8"?>
<!-- Generated by org.testng.reporters.JUnitReportReporter -->
<testsuite hostname="LAPTOP-9E55LMAH" failures="0" tests="1" name="runner.RunCuke" time="10.016" errors="0" timestamp="2023-01-08T15:07:25 CLST" skipped="0">
  <testcase classname="runner.RunCuke" name="runScenario" time="10.016"/>
  <system-out/>
</testsuite> <!-- runner.RunCuke -->
