<?xml version="1.0" encoding="UTF-8"?>
<!-- Generated by org.testng.reporters.JUnitReportReporter -->
<testsuite hostname="LAPTOP-9E55LMAH" failures="0" tests="1" name="runner.RunCuke" time="24.836" errors="0" timestamp="2023-01-07T21:06:52 CLST" skipped="0">
  <testcase classname="runner.RunCuke" name="runScenario" time="24.836"/>
  <system-out/>
</testsuite> <!-- runner.RunCuke -->
