<?xml version="1.0" encoding="UTF-8"?>
<!-- Generated by org.testng.reporters.JUnitReportReporter -->
<testsuite hostname="LAPTOP-9E55LMAH" failures="0" tests="1" name="runner.RunCuke" time="6.764" errors="0" timestamp="2022-12-28T15:03:18 CLST" skipped="0">
  <testcase classname="runner.RunCuke" name="runScenario" time="6.764"/>
  <system-out/>
</testsuite> <!-- runner.RunCuke -->
