<?xml version="1.0" encoding="UTF-8"?>
<!-- Generated by org.testng.reporters.JUnitReportReporter -->
<testsuite hostname="LAPTOP-9E55LMAH" failures="0" tests="3" name="runner.RunCuke" time="57.601" errors="0" timestamp="2023-01-09T12:05:03 CLST" skipped="0">
  <testcase classname="runner.RunCuke" name="runScenario" time="25.892"/>
  <system-out/>
  <testcase classname="runner.RunCuke" name="runScenario" time="25.568"/>
  <system-out/>
  <testcase classname="runner.RunCuke" name="runScenario" time="6.141"/>
  <system-out/>
</testsuite> <!-- runner.RunCuke -->
