<?xml version="1.0" encoding="UTF-8"?>
<!-- Generated by org.testng.reporters.JUnitReportReporter -->
<testsuite hostname="LAPTOP-9E55LMAH" failures="0" tests="1" name="runner.RunCuke" time="4.145" errors="1" timestamp="2023-01-07T22:18:50 CLST" skipped="0">
  <testcase classname="runner.RunCuke" name="runScenario" time="4.145">
    <error message="TODO: implement me" type="io.cucumber.java.PendingException">
      <![CDATA[io.cucumber.java.PendingException: TODO: implement me
at steps.IngresarSolicitudCongelamiento.ingreso_al_menu_ncg264_tramites_por_congelar(IngresarSolicitudCongelamiento.java:23)
at âœ½.Ingreso al menu NCG264->tramites->por congelar(file:///D:/info/eclipse-workspace/proyectoEXPL/./src/test/resources/features/IngresarSolicitudCongelamientoDeSaldo.feature:6)
]]>
    </error>
  </testcase> <!-- runScenario -->
  <system-out/>
</testsuite> <!-- runner.RunCuke -->
